[debug] [2024-05-24T00:57:16.479Z] ----------------------------------------------------------------------
[debug] [2024-05-24T00:57:16.482Z] Command:       C:\Program Files\nodejs\node.exe C:\Users\Administrator\AppData\Roaming\npm\node_modules\firebase-tools\lib\bin\firebase.js init
[debug] [2024-05-24T00:57:16.483Z] CLI Version:   13.10.0
[debug] [2024-05-24T00:57:16.483Z] Platform:      win32
[debug] [2024-05-24T00:57:16.483Z] Node Version:  v18.12.1
[debug] [2024-05-24T00:57:16.485Z] Time:          Thu May 23 2024 21:57:16 GMT-0300 (hora estándar de Argentina)
[debug] [2024-05-24T00:57:16.485Z] ----------------------------------------------------------------------
[debug] 
[debug] [2024-05-24T00:57:16.494Z] > command requires scopes: ["email","openid","https://www.googleapis.com/auth/cloudplatformprojects.readonly","https://www.googleapis.com/auth/firebase","https://www.googleapis.com/auth/cloud-platform"]
[debug] [2024-05-24T00:57:16.495Z] > authorizing via signed-in user (gustavo.adrian.leiva879@gmail.com)
[info] 
     ######## #### ########  ######## ########     ###     ######  ########
     ##        ##  ##     ## ##       ##     ##  ##   ##  ##       ##
     ######    ##  ########  ######   ########  #########  ######  ######
     ##        ##  ##    ##  ##       ##     ## ##     ##       ## ##
     ##       #### ##     ## ######## ########  ##     ##  ######  ########

You're about to initialize a Firebase project in this directory:

  C:\Users\Administrator\Desktop\carrera\nivel-3\modulo-8\mercalibre-app-recoil

[info] 
=== Project Setup
[info] 
[info] First, let's associate this project directory with a Firebase project.
[info] You can create multiple project aliases by running firebase use --add, 
[info] but for now we'll just set up a default project.
[info] 
[info] 
=== Database Setup
[info] 
[info] Firebase Realtime Database Security Rules allow you to define how your data should be
[info] structured and when your data can be read from and written to.
[info] 
[debug] [2024-05-24T00:59:16.278Z] ----------------------------------------------------------------------
[debug] [2024-05-24T00:59:16.282Z] Command:       C:\Program Files\nodejs\node.exe C:\Users\Administrator\AppData\Roaming\npm\node_modules\firebase-tools\lib\bin\firebase.js init
[debug] [2024-05-24T00:59:16.282Z] CLI Version:   13.10.0
[debug] [2024-05-24T00:59:16.283Z] Platform:      win32
[debug] [2024-05-24T00:59:16.283Z] Node Version:  v18.12.1
[debug] [2024-05-24T00:59:16.285Z] Time:          Thu May 23 2024 21:59:16 GMT-0300 (hora estándar de Argentina)
[debug] [2024-05-24T00:59:16.285Z] ----------------------------------------------------------------------
[debug] 
[debug] [2024-05-24T00:59:16.295Z] > command requires scopes: ["email","openid","https://www.googleapis.com/auth/cloudplatformprojects.readonly","https://www.googleapis.com/auth/firebase","https://www.googleapis.com/auth/cloud-platform"]
[debug] [2024-05-24T00:59:16.296Z] > authorizing via signed-in user (gustavo.adrian.leiva879@gmail.com)
[info] 
     ######## #### ########  ######## ########     ###     ######  ########
     ##        ##  ##     ## ##       ##     ##  ##   ##  ##       ##
     ######    ##  ########  ######   ########  #########  ######  ######
     ##        ##  ##    ##  ##       ##     ## ##     ##       ## ##
     ##       #### ##     ## ######## ########  ##     ##  ######  ########

You're about to initialize a Firebase project in this directory:

  C:\Users\Administrator\Desktop\carrera\nivel-3\modulo-8\mercalibre-app-recoil

[debug] [2024-05-24T01:01:15.077Z] ----------------------------------------------------------------------
[debug] [2024-05-24T01:01:15.079Z] Command:       C:\Program Files\nodejs\node.exe C:\Users\Administrator\AppData\Roaming\npm\node_modules\firebase-tools\lib\bin\firebase.js init hosting
[debug] [2024-05-24T01:01:15.080Z] CLI Version:   13.10.0
[debug] [2024-05-24T01:01:15.080Z] Platform:      win32
[debug] [2024-05-24T01:01:15.081Z] Node Version:  v18.12.1
[debug] [2024-05-24T01:01:15.082Z] Time:          Thu May 23 2024 22:01:15 GMT-0300 (hora estándar de Argentina)
[debug] [2024-05-24T01:01:15.082Z] ----------------------------------------------------------------------
[debug] 
[debug] [2024-05-24T01:01:15.092Z] > command requires scopes: ["email","openid","https://www.googleapis.com/auth/cloudplatformprojects.readonly","https://www.googleapis.com/auth/firebase","https://www.googleapis.com/auth/cloud-platform"]
[debug] [2024-05-24T01:01:15.093Z] > authorizing via signed-in user (gustavo.adrian.leiva879@gmail.com)
[info] 
     ######## #### ########  ######## ########     ###     ######  ########
     ##        ##  ##     ## ##       ##     ##  ##   ##  ##       ##
     ######    ##  ########  ######   ########  #########  ######  ######
     ##        ##  ##    ##  ##       ##     ## ##     ##       ## ##
     ##       #### ##     ## ######## ########  ##     ##  ######  ########

You're about to initialize a Firebase project in this directory:

  C:\Users\Administrator\Desktop\carrera\nivel-3\modulo-8\mercalibre-app-recoil

[info] 
=== Project Setup
[info] 
[info] First, let's associate this project directory with a Firebase project.
[info] You can create multiple project aliases by running firebase use --add, 
[info] but for now we'll just set up a default project.
[info] 
[debug] [2024-05-24T01:04:13.464Z] ----------------------------------------------------------------------
[debug] [2024-05-24T01:04:13.467Z] Command:       C:\Program Files\nodejs\node.exe C:\Users\Administrator\AppData\Roaming\npm\node_modules\firebase-tools\lib\bin\firebase.js init
[debug] [2024-05-24T01:04:13.467Z] CLI Version:   13.10.0
[debug] [2024-05-24T01:04:13.468Z] Platform:      win32
[debug] [2024-05-24T01:04:13.468Z] Node Version:  v18.12.1
[debug] [2024-05-24T01:04:13.469Z] Time:          Thu May 23 2024 22:04:13 GMT-0300 (hora estándar de Argentina)
[debug] [2024-05-24T01:04:13.470Z] ----------------------------------------------------------------------
[debug] 
[debug] [2024-05-24T01:04:13.479Z] > command requires scopes: ["email","openid","https://www.googleapis.com/auth/cloudplatformprojects.readonly","https://www.googleapis.com/auth/firebase","https://www.googleapis.com/auth/cloud-platform"]
[debug] [2024-05-24T01:04:13.480Z] > authorizing via signed-in user (gustavo.adrian.leiva879@gmail.com)
[info] 
     ######## #### ########  ######## ########     ###     ######  ########
     ##        ##  ##     ## ##       ##     ##  ##   ##  ##       ##
     ######    ##  ########  ######   ########  #########  ######  ######
     ##        ##  ##    ##  ##       ##     ## ##     ##       ## ##
     ##       #### ##     ## ######## ########  ##     ##  ######  ########

You're about to initialize a Firebase project in this directory:

  C:\Users\Administrator\Desktop\carrera\nivel-3\modulo-8\mercalibre-app-recoil

[info] 
=== Project Setup
[info] 
[info] First, let's associate this project directory with a Firebase project.
[info] You can create multiple project aliases by running firebase use --add, 
[info] but for now we'll just set up a default project.
[info] 
[debug] [2024-05-24T01:04:59.535Z] >>> [apiv2][query] GET https://firebase.googleapis.com/v1beta1/projects pageSize=100
[debug] [2024-05-24T01:05:00.341Z] <<< [apiv2][status] GET https://firebase.googleapis.com/v1beta1/projects 200
[debug] [2024-05-24T01:05:00.341Z] <<< [apiv2][body] GET https://firebase.googleapis.com/v1beta1/projects [omitted]
[debug] [2024-05-24T01:10:39.719Z] ----------------------------------------------------------------------
[debug] [2024-05-24T01:10:39.722Z] Command:       C:\Program Files\nodejs\node.exe C:\Users\Administrator\AppData\Roaming\npm\node_modules\firebase-tools\lib\bin\firebase.js init
[debug] [2024-05-24T01:10:39.722Z] CLI Version:   13.10.0
[debug] [2024-05-24T01:10:39.723Z] Platform:      win32
[debug] [2024-05-24T01:10:39.723Z] Node Version:  v18.12.1
[debug] [2024-05-24T01:10:39.724Z] Time:          Thu May 23 2024 22:10:39 GMT-0300 (hora estándar de Argentina)
[debug] [2024-05-24T01:10:39.725Z] ----------------------------------------------------------------------
[debug] 
[debug] [2024-05-24T01:10:39.734Z] > command requires scopes: ["email","openid","https://www.googleapis.com/auth/cloudplatformprojects.readonly","https://www.googleapis.com/auth/firebase","https://www.googleapis.com/auth/cloud-platform"]
[debug] [2024-05-24T01:10:39.735Z] > authorizing via signed-in user (gustavo.adrian.leiva879@gmail.com)
[info] 
     ######## #### ########  ######## ########     ###     ######  ########
     ##        ##  ##     ## ##       ##     ##  ##   ##  ##       ##
     ######    ##  ########  ######   ########  #########  ######  ######
     ##        ##  ##    ##  ##       ##     ## ##     ##       ## ##
     ##       #### ##     ## ######## ########  ##     ##  ######  ########

You're about to initialize a Firebase project in this directory:

  C:\Users\Administrator\Desktop\carrera\nivel-3\modulo-8\mercalibre-app-recoil

[info] 
=== Project Setup
[info] 
[info] First, let's associate this project directory with a Firebase project.
[info] You can create multiple project aliases by running firebase use --add, 
[info] but for now we'll just set up a default project.
[info] 
[debug] [2024-05-24T01:13:33.212Z] >>> [apiv2][query] GET https://firebase.googleapis.com/v1beta1/projects pageSize=100
[debug] [2024-05-24T01:13:34.072Z] <<< [apiv2][status] GET https://firebase.googleapis.com/v1beta1/projects 200
[debug] [2024-05-24T01:13:34.073Z] <<< [apiv2][body] GET https://firebase.googleapis.com/v1beta1/projects [omitted]
[info] i  Using project mercalibre-app-recoil (mercalibre-app-recoil) 
[info] 
=== Hosting Setup
[debug] [2024-05-24T01:13:39.881Z] >>> [apiv2][query] GET https://firebase.googleapis.com/v1beta1/projects/mercalibre-app-recoil [none]
[debug] [2024-05-24T01:13:40.333Z] <<< [apiv2][status] GET https://firebase.googleapis.com/v1beta1/projects/mercalibre-app-recoil 200
[debug] [2024-05-24T01:13:40.334Z] <<< [apiv2][body] GET https://firebase.googleapis.com/v1beta1/projects/mercalibre-app-recoil {"projectId":"mercalibre-app-recoil","projectNumber":"458767111590","displayName":"mercalibre-app-recoil","name":"projects/mercalibre-app-recoil","resources":{"hostingSite":"mercalibre-app-recoil"},"state":"ACTIVE","etag":"1_1e8bf928-7953-46b3-b5a6-6fe9600b263f"}
[info] 
[info] Your public directory is the folder (relative to your project directory) that
[info] will contain Hosting assets to be uploaded with firebase deploy. If you
[info] have a build process for your assets, use your build's output directory.
[info] 
[debug] [2024-05-24T01:15:47.767Z] >>> [apiv2][query] GET https://www.gstatic.com/firebasejs/releases.json [none]
[debug] [2024-05-24T01:15:47.952Z] <<< [apiv2][status] GET https://www.gstatic.com/firebasejs/releases.json 200
[debug] [2024-05-24T01:15:47.952Z] <<< [apiv2][body] GET https://www.gstatic.com/firebasejs/releases.json {"current":{"version":"10.12.1","browserURL":"https://www.gstatic.com/firebasejs/10.12.1/firebase.js","packageURL":"https://www.gstatic.com/firebasejs/10.12.1/firebase.tgz"},"live":{"version":"10.12","browserURL":"https://www.gstatic.com/firebasejs/live/10.12/firebase.js","packageURL":"https://www.gstatic.com/firebasejs/live/10.12/firebase.tgz"},"components":{"analytics":"https://www.gstatic.com/firebasejs/10.12.1/firebase-analytics.js","app":"https://www.gstatic.com/firebasejs/10.12.1/firebase-app.js","app-check":"https://www.gstatic.com/firebasejs/10.12.1/firebase-app-check.js","auth":"https://www.gstatic.com/firebasejs/10.12.1/firebase-auth.js","auth/cordova":"https://www.gstatic.com/firebasejs/10.12.1/firebase-auth/cordova.js","auth/web-extension":"https://www.gstatic.com/firebasejs/10.12.1/firebase-auth/web-extension.js","functions":"https://www.gstatic.com/firebasejs/10.12.1/firebase-functions.js","firestore":"https://www.gstatic.com/firebasejs/10.12.1/firebase-firestore.js","firestore/lite":"https://www.gstatic.com/firebasejs/10.12.1/firebase-firestore/lite.js","installations":"https://www.gstatic.com/firebasejs/10.12.1/firebase-installations.js","storage":"https://www.gstatic.com/firebasejs/10.12.1/firebase-storage.js","performance":"https://www.gstatic.com/firebasejs/10.12.1/firebase-performance.js","remote-config":"https://www.gstatic.com/firebasejs/10.12.1/firebase-remote-config.js","messaging":"https://www.gstatic.com/firebasejs/10.12.1/firebase-messaging.js","messaging/sw":"https://www.gstatic.com/firebasejs/10.12.1/firebase-messaging/sw.js","database":"https://www.gstatic.com/firebasejs/10.12.1/firebase-database.js","vertexai-preview":"https://www.gstatic.com/firebasejs/10.12.1/firebase-vertexai-preview.js","firestore.memory":"https://www.gstatic.com/firebasejs/10.12.1/firebase-firestore.memory.js"}}
[info] i  Skipping write of ./index.html 
[info] 
[info] i  Didn't detect a .git folder. Assuming C:\Users\Administrator\Desktop\carrera\nivel-3\modulo-8\mercalibre-app-recoil is the project root. 
[info] i  Authorizing with GitHub to upload your service account to a GitHub repository's secrets store. 
[info] 
[info] Visit this URL on this device to log in:
[info] https://github.com/login/oauth/authorize?client_id=89cf50f02ac6aaed3484&state=126284173&redirect_uri=http%3A%2F%2Flocalhost%3A9005&scope=read%3Auser%20repo%20public_repo
[info] 
[info] Waiting for authentication...
[debug] [2024-05-24T01:16:07.606Z] >>> [apiv2][query] POST https://github.com/login/oauth/access_token [none]
[debug] [2024-05-24T01:16:07.606Z] >>> [apiv2][body] POST https://github.com/login/oauth/access_token [stream]
[debug] [2024-05-24T01:16:08.154Z] <<< [apiv2][status] POST https://github.com/login/oauth/access_token 200
[debug] [2024-05-24T01:16:08.154Z] <<< [apiv2][body] POST https://github.com/login/oauth/access_token {"access_token":"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","token_type":"bearer","scope":"read:user,repo"}
[debug] [2024-05-24T01:16:08.160Z] >>> [apiv2][query] GET https://api.github.com/user [none]
[debug] [2024-05-24T01:16:08.716Z] <<< [apiv2][status] GET https://api.github.com/user 200
[debug] [2024-05-24T01:16:08.716Z] <<< [apiv2][body] GET https://api.github.com/user {"login":"adrianl01","id":122684970,"node_id":"U_kgDOB1AGKg","avatar_url":"https://avatars.githubusercontent.com/u/122684970?v=4","gravatar_id":"","url":"https://api.github.com/users/adrianl01","html_url":"https://github.com/adrianl01","followers_url":"https://api.github.com/users/adrianl01/followers","following_url":"https://api.github.com/users/adrianl01/following{/other_user}","gists_url":"https://api.github.com/users/adrianl01/gists{/gist_id}","starred_url":"https://api.github.com/users/adrianl01/starred{/owner}{/repo}","subscriptions_url":"https://api.github.com/users/adrianl01/subscriptions","organizations_url":"https://api.github.com/users/adrianl01/orgs","repos_url":"https://api.github.com/users/adrianl01/repos","events_url":"https://api.github.com/users/adrianl01/events{/privacy}","received_events_url":"https://api.github.com/users/adrianl01/received_events","type":"User","site_admin":false,"name":"Adrián Leiva","company":null,"blog":"","location":null,"email":null,"hireable":null,"bio":null,"twitter_username":null,"public_repos":13,"public_gists":0,"followers":0,"following":0,"created_at":"2023-01-14T15:05:08Z","updated_at":"2024-04-19T14:43:12Z","private_gists":0,"total_private_repos":2,"owned_private_repos":2,"disk_usage":67962,"collaborators":0,"two_factor_authentication":false,"plan":{"name":"free","space":976562499,"collaborators":0,"private_repos":10000}}
[info] 
[info] +  Success! Logged into GitHub as adrianl01 
[info] 
[debug] [2024-05-24T01:47:50.275Z] ----------------------------------------------------------------------
[debug] [2024-05-24T01:47:50.277Z] Command:       C:\Program Files\nodejs\node.exe C:\Users\Administrator\AppData\Roaming\npm\node_modules\firebase-tools\lib\bin\firebase.js init
[debug] [2024-05-24T01:47:50.278Z] CLI Version:   13.10.0
[debug] [2024-05-24T01:47:50.278Z] Platform:      win32
[debug] [2024-05-24T01:47:50.279Z] Node Version:  v18.12.1
[debug] [2024-05-24T01:47:50.287Z] Time:          Thu May 23 2024 22:47:50 GMT-0300 (hora estándar de Argentina)
[debug] [2024-05-24T01:47:50.287Z] ----------------------------------------------------------------------
[debug] 
[debug] [2024-05-24T01:47:50.298Z] > command requires scopes: ["email","openid","https://www.googleapis.com/auth/cloudplatformprojects.readonly","https://www.googleapis.com/auth/firebase","https://www.googleapis.com/auth/cloud-platform"]
[debug] [2024-05-24T01:47:50.298Z] > authorizing via signed-in user (gustavo.adrian.leiva879@gmail.com)
[info] 
     ######## #### ########  ######## ########     ###     ######  ########
     ##        ##  ##     ## ##       ##     ##  ##   ##  ##       ##
     ######    ##  ########  ######   ########  #########  ######  ######
     ##        ##  ##    ##  ##       ##     ## ##     ##       ## ##
     ##       #### ##     ## ######## ########  ##     ##  ######  ########

You're about to initialize a Firebase project in this directory:

  C:\Users\Administrator\Desktop\carrera\nivel-3\modulo-8\mercalibre-app-recoil

[info] 
=== Project Setup
[info] 
[info] First, let's associate this project directory with a Firebase project.
[info] You can create multiple project aliases by running firebase use --add, 
[info] but for now we'll just set up a default project.
[info] 
[debug] [2024-05-24T01:48:08.092Z] > refreshing access token with scopes: []
[debug] [2024-05-24T01:48:08.096Z] >>> [apiv2][query] POST https://www.googleapis.com/oauth2/v3/token [none]
[debug] [2024-05-24T01:48:08.096Z] >>> [apiv2][body] POST https://www.googleapis.com/oauth2/v3/token [omitted]
[debug] [2024-05-24T01:48:08.431Z] <<< [apiv2][status] POST https://www.googleapis.com/oauth2/v3/token 200
[debug] [2024-05-24T01:48:08.432Z] <<< [apiv2][body] POST https://www.googleapis.com/oauth2/v3/token [omitted]
[debug] [2024-05-24T01:48:08.468Z] >>> [apiv2][query] GET https://firebase.googleapis.com/v1beta1/projects pageSize=100
[debug] [2024-05-24T01:48:09.273Z] <<< [apiv2][status] GET https://firebase.googleapis.com/v1beta1/projects 200
[debug] [2024-05-24T01:48:09.273Z] <<< [apiv2][body] GET https://firebase.googleapis.com/v1beta1/projects [omitted]
[info] i  Using project mercalibre-app-recoil (mercalibre-app-recoil) 
[info] 
=== Hosting Setup
[debug] [2024-05-24T01:48:12.174Z] >>> [apiv2][query] GET https://firebase.googleapis.com/v1beta1/projects/mercalibre-app-recoil [none]
[debug] [2024-05-24T01:48:12.623Z] <<< [apiv2][status] GET https://firebase.googleapis.com/v1beta1/projects/mercalibre-app-recoil 200
[debug] [2024-05-24T01:48:12.623Z] <<< [apiv2][body] GET https://firebase.googleapis.com/v1beta1/projects/mercalibre-app-recoil {"projectId":"mercalibre-app-recoil","projectNumber":"458767111590","displayName":"mercalibre-app-recoil","name":"projects/mercalibre-app-recoil","resources":{"hostingSite":"mercalibre-app-recoil"},"state":"ACTIVE","etag":"1_1e8bf928-7953-46b3-b5a6-6fe9600b263f"}
[info] 
[info] Your public directory is the folder (relative to your project directory) that
[info] will contain Hosting assets to be uploaded with firebase deploy. If you
[info] have a build process for your assets, use your build's output directory.
[info] 
[debug] [2024-05-24T01:50:23.191Z] >>> [apiv2][query] GET https://www.gstatic.com/firebasejs/releases.json [none]
[debug] [2024-05-24T01:50:23.384Z] <<< [apiv2][status] GET https://www.gstatic.com/firebasejs/releases.json 200
[debug] [2024-05-24T01:50:23.384Z] <<< [apiv2][body] GET https://www.gstatic.com/firebasejs/releases.json {"current":{"version":"10.12.1","browserURL":"https://www.gstatic.com/firebasejs/10.12.1/firebase.js","packageURL":"https://www.gstatic.com/firebasejs/10.12.1/firebase.tgz"},"live":{"version":"10.12","browserURL":"https://www.gstatic.com/firebasejs/live/10.12/firebase.js","packageURL":"https://www.gstatic.com/firebasejs/live/10.12/firebase.tgz"},"components":{"analytics":"https://www.gstatic.com/firebasejs/10.12.1/firebase-analytics.js","app":"https://www.gstatic.com/firebasejs/10.12.1/firebase-app.js","app-check":"https://www.gstatic.com/firebasejs/10.12.1/firebase-app-check.js","auth":"https://www.gstatic.com/firebasejs/10.12.1/firebase-auth.js","auth/cordova":"https://www.gstatic.com/firebasejs/10.12.1/firebase-auth/cordova.js","auth/web-extension":"https://www.gstatic.com/firebasejs/10.12.1/firebase-auth/web-extension.js","functions":"https://www.gstatic.com/firebasejs/10.12.1/firebase-functions.js","firestore":"https://www.gstatic.com/firebasejs/10.12.1/firebase-firestore.js","firestore/lite":"https://www.gstatic.com/firebasejs/10.12.1/firebase-firestore/lite.js","installations":"https://www.gstatic.com/firebasejs/10.12.1/firebase-installations.js","storage":"https://www.gstatic.com/firebasejs/10.12.1/firebase-storage.js","performance":"https://www.gstatic.com/firebasejs/10.12.1/firebase-performance.js","remote-config":"https://www.gstatic.com/firebasejs/10.12.1/firebase-remote-config.js","messaging":"https://www.gstatic.com/firebasejs/10.12.1/firebase-messaging.js","messaging/sw":"https://www.gstatic.com/firebasejs/10.12.1/firebase-messaging/sw.js","database":"https://www.gstatic.com/firebasejs/10.12.1/firebase-database.js","vertexai-preview":"https://www.gstatic.com/firebasejs/10.12.1/firebase-vertexai-preview.js","firestore.memory":"https://www.gstatic.com/firebasejs/10.12.1/firebase-firestore.memory.js"}}
[info] i  Skipping write of ./index.html 
[info] 
[info] i  Detected a .git folder at C:\Users\Administrator\Desktop\carrera\nivel-3\modulo-8\mercalibre-app-recoil 
[info] i  Authorizing with GitHub to upload your service account to a GitHub repository's secrets store. 
[info] 
[info] Visit this URL on this device to log in:
[info] https://github.com/login/oauth/authorize?client_id=89cf50f02ac6aaed3484&state=795903541&redirect_uri=http%3A%2F%2Flocalhost%3A9005&scope=read%3Auser%20repo%20public_repo
[info] 
[info] Waiting for authentication...
[debug] [2024-05-24T01:50:38.109Z] >>> [apiv2][query] POST https://github.com/login/oauth/access_token [none]
[debug] [2024-05-24T01:50:38.110Z] >>> [apiv2][body] POST https://github.com/login/oauth/access_token [stream]
[debug] [2024-05-24T01:50:38.621Z] <<< [apiv2][status] POST https://github.com/login/oauth/access_token 200
[debug] [2024-05-24T01:50:38.622Z] <<< [apiv2][body] POST https://github.com/login/oauth/access_token {"access_token":"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","token_type":"bearer","scope":"read:user,repo"}
[debug] [2024-05-24T01:50:38.630Z] >>> [apiv2][query] GET https://api.github.com/user [none]
[debug] [2024-05-24T01:50:39.139Z] <<< [apiv2][status] GET https://api.github.com/user 200
[debug] [2024-05-24T01:50:39.139Z] <<< [apiv2][body] GET https://api.github.com/user {"login":"adrianl01","id":122684970,"node_id":"U_kgDOB1AGKg","avatar_url":"https://avatars.githubusercontent.com/u/122684970?v=4","gravatar_id":"","url":"https://api.github.com/users/adrianl01","html_url":"https://github.com/adrianl01","followers_url":"https://api.github.com/users/adrianl01/followers","following_url":"https://api.github.com/users/adrianl01/following{/other_user}","gists_url":"https://api.github.com/users/adrianl01/gists{/gist_id}","starred_url":"https://api.github.com/users/adrianl01/starred{/owner}{/repo}","subscriptions_url":"https://api.github.com/users/adrianl01/subscriptions","organizations_url":"https://api.github.com/users/adrianl01/orgs","repos_url":"https://api.github.com/users/adrianl01/repos","events_url":"https://api.github.com/users/adrianl01/events{/privacy}","received_events_url":"https://api.github.com/users/adrianl01/received_events","type":"User","site_admin":false,"name":"Adrián Leiva","company":null,"blog":"","location":null,"email":null,"hireable":null,"bio":null,"twitter_username":null,"public_repos":14,"public_gists":0,"followers":0,"following":0,"created_at":"2023-01-14T15:05:08Z","updated_at":"2024-04-19T14:43:12Z","private_gists":0,"total_private_repos":2,"owned_private_repos":2,"disk_usage":67962,"collaborators":0,"two_factor_authentication":false,"plan":{"name":"free","space":976562499,"collaborators":0,"private_repos":10000}}
[info] 
[info] +  Success! Logged into GitHub as adrianl01 
[info] 
